2022/12/01 06:43:25 [notice] 1#1: using the "epoll" event method
2022/12/01 06:43:25 [notice] 1#1: nginx/1.23.2
2022/12/01 06:43:25 [notice] 1#1: built by gcc 10.2.1 20210110 (Debian 10.2.1-6) 
2022/12/01 06:43:25 [notice] 1#1: OS: Linux 5.10.16.3-microsoft-standard-WSL2
2022/12/01 06:43:25 [notice] 1#1: getrlimit(RLIMIT_NOFILE): 1048576:1048576
2022/12/01 06:43:25 [notice] 1#1: start worker processes
2022/12/01 06:43:25 [notice] 1#1: start worker process 20
2022/12/01 06:43:25 [notice] 1#1: start worker process 21
2022/12/01 06:43:25 [notice] 1#1: start worker process 22
2022/12/01 06:43:25 [notice] 1#1: start worker process 23
2022/12/01 06:45:32 [notice] 1#1: signal 3 (SIGQUIT) received, shutting down
2022/12/01 06:45:32 [notice] 20#20: gracefully shutting down
2022/12/01 06:45:32 [notice] 21#21: gracefully shutting down
2022/12/01 06:45:32 [notice] 22#22: gracefully shutting down
2022/12/01 06:45:32 [notice] 23#23: gracefully shutting down
2022/12/01 06:45:32 [notice] 20#20: exiting
2022/12/01 06:45:32 [notice] 21#21: exiting
2022/12/01 06:45:32 [notice] 22#22: exiting
2022/12/01 06:45:32 [notice] 23#23: exiting
2022/12/01 06:45:32 [notice] 20#20: exit
2022/12/01 06:45:32 [notice] 21#21: exit
2022/12/01 06:45:32 [notice] 22#22: exit
2022/12/01 06:45:32 [notice] 23#23: exit
2022/12/01 06:45:33 [notice] 1#1: signal 17 (SIGCHLD) received from 22
2022/12/01 06:45:33 [notice] 1#1: worker process 20 exited with code 0
2022/12/01 06:45:33 [notice] 1#1: worker process 21 exited with code 0
2022/12/01 06:45:33 [notice] 1#1: worker process 22 exited with code 0
2022/12/01 06:45:33 [notice] 1#1: worker process 23 exited with code 0
2022/12/01 06:45:33 [notice] 1#1: exit
2022/12/01 06:54:57 [notice] 1#1: using the "epoll" event method
2022/12/01 06:54:57 [notice] 1#1: nginx/1.23.2
2022/12/01 06:54:57 [notice] 1#1: built by gcc 10.2.1 20210110 (Debian 10.2.1-6) 
2022/12/01 06:54:57 [notice] 1#1: OS: Linux 5.10.16.3-microsoft-standard-WSL2
2022/12/01 06:54:57 [notice] 1#1: getrlimit(RLIMIT_NOFILE): 1048576:1048576
2022/12/01 06:54:57 [notice] 1#1: start worker processes
2022/12/01 06:54:57 [notice] 1#1: start worker process 20
2022/12/01 06:54:57 [notice] 1#1: start worker process 21
2022/12/01 06:54:57 [notice] 1#1: start worker process 22
2022/12/01 06:54:57 [notice] 1#1: start worker process 23
2022/12/01 06:58:18 [notice] 1#1: signal 3 (SIGQUIT) received, shutting down
2022/12/01 06:58:18 [notice] 20#20: gracefully shutting down
2022/12/01 06:58:18 [notice] 21#21: gracefully shutting down
2022/12/01 06:58:18 [notice] 23#23: gracefully shutting down
2022/12/01 06:58:18 [notice] 22#22: gracefully shutting down
2022/12/01 06:58:18 [notice] 20#20: exiting
2022/12/01 06:58:18 [notice] 21#21: exiting
2022/12/01 06:58:18 [notice] 23#23: exiting
2022/12/01 06:58:18 [notice] 22#22: exiting
2022/12/01 06:58:18 [notice] 20#20: exit
2022/12/01 06:58:18 [notice] 21#21: exit
2022/12/01 06:58:18 [notice] 23#23: exit
2022/12/01 06:58:18 [notice] 22#22: exit
2022/12/01 06:58:18 [notice] 1#1: signal 17 (SIGCHLD) received from 23
2022/12/01 06:58:18 [notice] 1#1: worker process 20 exited with code 0
2022/12/01 06:58:18 [notice] 1#1: worker process 21 exited with code 0
2022/12/01 06:58:18 [notice] 1#1: worker process 23 exited with code 0
2022/12/01 06:58:18 [notice] 1#1: signal 29 (SIGIO) received
2022/12/01 06:58:18 [notice] 1#1: signal 17 (SIGCHLD) received from 22
2022/12/01 06:58:18 [notice] 1#1: worker process 22 exited with code 0
2022/12/01 06:58:18 [notice] 1#1: exit
2022/12/01 07:02:43 [notice] 1#1: using the "epoll" event method
2022/12/01 07:02:43 [notice] 1#1: nginx/1.23.2
2022/12/01 07:02:43 [notice] 1#1: built by gcc 10.2.1 20210110 (Debian 10.2.1-6) 
2022/12/01 07:02:43 [notice] 1#1: OS: Linux 5.10.16.3-microsoft-standard-WSL2
2022/12/01 07:02:43 [notice] 1#1: getrlimit(RLIMIT_NOFILE): 1048576:1048576
2022/12/01 07:02:43 [notice] 1#1: start worker processes
2022/12/01 07:02:43 [notice] 1#1: start worker process 20
2022/12/01 07:02:43 [notice] 1#1: start worker process 21
2022/12/01 07:02:43 [notice] 1#1: start worker process 22
2022/12/01 07:02:43 [notice] 1#1: start worker process 23
2022/12/01 07:04:04 [notice] 1#1: signal 3 (SIGQUIT) received, shutting down
2022/12/01 07:04:04 [notice] 20#20: gracefully shutting down
2022/12/01 07:04:04 [notice] 22#22: gracefully shutting down
2022/12/01 07:04:04 [notice] 21#21: gracefully shutting down
2022/12/01 07:04:04 [notice] 23#23: gracefully shutting down
2022/12/01 07:04:04 [notice] 20#20: exiting
2022/12/01 07:04:04 [notice] 22#22: exiting
2022/12/01 07:04:04 [notice] 21#21: exiting
2022/12/01 07:04:04 [notice] 23#23: exiting
2022/12/01 07:04:04 [notice] 20#20: exit
2022/12/01 07:04:04 [notice] 22#22: exit
2022/12/01 07:04:04 [notice] 21#21: exit
2022/12/01 07:04:04 [notice] 23#23: exit
2022/12/01 07:04:04 [notice] 1#1: signal 17 (SIGCHLD) received from 23
2022/12/01 07:04:04 [notice] 1#1: worker process 20 exited with code 0
2022/12/01 07:04:04 [notice] 1#1: worker process 21 exited with code 0
2022/12/01 07:04:04 [notice] 1#1: worker process 22 exited with code 0
2022/12/01 07:04:04 [notice] 1#1: worker process 23 exited with code 0
2022/12/01 07:04:04 [notice] 1#1: exit
2022/12/01 07:07:21 [notice] 1#1: using the "epoll" event method
2022/12/01 07:07:21 [notice] 1#1: nginx/1.23.2
2022/12/01 07:07:21 [notice] 1#1: built by gcc 10.2.1 20210110 (Debian 10.2.1-6) 
2022/12/01 07:07:21 [notice] 1#1: OS: Linux 5.10.16.3-microsoft-standard-WSL2
2022/12/01 07:07:21 [notice] 1#1: getrlimit(RLIMIT_NOFILE): 1048576:1048576
2022/12/01 07:07:21 [notice] 1#1: start worker processes
2022/12/01 07:07:21 [notice] 1#1: start worker process 20
2022/12/01 07:07:21 [notice] 1#1: start worker process 21
2022/12/01 07:07:21 [notice] 1#1: start worker process 22
2022/12/01 07:07:21 [notice] 1#1: start worker process 23
2022/12/01 07:10:06 [notice] 1#1: signal 3 (SIGQUIT) received, shutting down
2022/12/01 07:10:06 [notice] 20#20: gracefully shutting down
2022/12/01 07:10:06 [notice] 21#21: gracefully shutting down
2022/12/01 07:10:06 [notice] 22#22: gracefully shutting down
2022/12/01 07:10:06 [notice] 23#23: gracefully shutting down
2022/12/01 07:10:06 [notice] 20#20: exiting
2022/12/01 07:10:06 [notice] 21#21: exiting
2022/12/01 07:10:06 [notice] 22#22: exiting
2022/12/01 07:10:06 [notice] 23#23: exiting
2022/12/01 07:10:06 [notice] 20#20: exit
2022/12/01 07:10:06 [notice] 21#21: exit
2022/12/01 07:10:06 [notice] 22#22: exit
2022/12/01 07:10:06 [notice] 23#23: exit
2022/12/01 07:10:06 [notice] 1#1: signal 17 (SIGCHLD) received from 21
2022/12/01 07:10:06 [notice] 1#1: worker process 21 exited with code 0
2022/12/01 07:10:06 [notice] 1#1: signal 29 (SIGIO) received
2022/12/01 07:10:06 [notice] 1#1: signal 17 (SIGCHLD) received from 22
2022/12/01 07:10:06 [notice] 1#1: worker process 20 exited with code 0
2022/12/01 07:10:06 [notice] 1#1: worker process 22 exited with code 0
2022/12/01 07:10:06 [notice] 1#1: signal 29 (SIGIO) received
2022/12/01 07:10:06 [notice] 1#1: signal 17 (SIGCHLD) received from 23
2022/12/01 07:10:06 [notice] 1#1: worker process 23 exited with code 0
2022/12/01 07:10:06 [notice] 1#1: exit
2022/12/01 07:11:01 [notice] 1#1: using the "epoll" event method
2022/12/01 07:11:01 [notice] 1#1: nginx/1.23.2
2022/12/01 07:11:01 [notice] 1#1: built by gcc 10.2.1 20210110 (Debian 10.2.1-6) 
2022/12/01 07:11:01 [notice] 1#1: OS: Linux 5.10.16.3-microsoft-standard-WSL2
2022/12/01 07:11:01 [notice] 1#1: getrlimit(RLIMIT_NOFILE): 1048576:1048576
2022/12/01 07:11:01 [notice] 1#1: start worker processes
2022/12/01 07:11:01 [notice] 1#1: start worker process 20
2022/12/01 07:11:01 [notice] 1#1: start worker process 21
2022/12/01 07:11:01 [notice] 1#1: start worker process 22
2022/12/01 07:11:01 [notice] 1#1: start worker process 23
2022/12/01 07:13:51 [notice] 1#1: signal 3 (SIGQUIT) received, shutting down
2022/12/01 07:13:51 [notice] 20#20: gracefully shutting down
2022/12/01 07:13:51 [notice] 23#23: gracefully shutting down
2022/12/01 07:13:51 [notice] 22#22: gracefully shutting down
2022/12/01 07:13:51 [notice] 21#21: gracefully shutting down
2022/12/01 07:13:51 [notice] 20#20: exiting
2022/12/01 07:13:51 [notice] 23#23: exiting
2022/12/01 07:13:51 [notice] 22#22: exiting
2022/12/01 07:13:51 [notice] 21#21: exiting
2022/12/01 07:13:51 [notice] 20#20: exit
2022/12/01 07:13:51 [notice] 23#23: exit
2022/12/01 07:13:51 [notice] 22#22: exit
2022/12/01 07:13:51 [notice] 21#21: exit
2022/12/01 07:13:51 [notice] 1#1: signal 17 (SIGCHLD) received from 20
2022/12/01 07:13:51 [notice] 1#1: worker process 20 exited with code 0
2022/12/01 07:13:51 [notice] 1#1: signal 29 (SIGIO) received
2022/12/01 07:13:51 [notice] 1#1: signal 17 (SIGCHLD) received from 23
2022/12/01 07:13:51 [notice] 1#1: worker process 22 exited with code 0
2022/12/01 07:13:51 [notice] 1#1: worker process 21 exited with code 0
2022/12/01 07:13:51 [notice] 1#1: worker process 23 exited with code 0
2022/12/01 07:13:51 [notice] 1#1: exit
2022/12/01 07:14:59 [notice] 1#1: using the "epoll" event method
2022/12/01 07:14:59 [notice] 1#1: nginx/1.23.2
2022/12/01 07:14:59 [notice] 1#1: built by gcc 10.2.1 20210110 (Debian 10.2.1-6) 
2022/12/01 07:14:59 [notice] 1#1: OS: Linux 5.10.16.3-microsoft-standard-WSL2
2022/12/01 07:14:59 [notice] 1#1: getrlimit(RLIMIT_NOFILE): 1048576:1048576
2022/12/01 07:14:59 [notice] 1#1: start worker processes
2022/12/01 07:14:59 [notice] 1#1: start worker process 20
2022/12/01 07:14:59 [notice] 1#1: start worker process 21
2022/12/01 07:14:59 [notice] 1#1: start worker process 22
2022/12/01 07:14:59 [notice] 1#1: start worker process 23
2022/12/01 07:18:55 [notice] 1#1: signal 3 (SIGQUIT) received, shutting down
2022/12/01 07:18:55 [notice] 20#20: gracefully shutting down
2022/12/01 07:18:55 [notice] 21#21: gracefully shutting down
2022/12/01 07:18:55 [notice] 22#22: gracefully shutting down
2022/12/01 07:18:55 [notice] 23#23: gracefully shutting down
2022/12/01 07:18:55 [notice] 20#20: exiting
2022/12/01 07:18:55 [notice] 21#21: exiting
2022/12/01 07:18:55 [notice] 22#22: exiting
2022/12/01 07:18:55 [notice] 23#23: exiting
2022/12/01 07:18:55 [notice] 20#20: exit
2022/12/01 07:18:55 [notice] 21#21: exit
2022/12/01 07:18:55 [notice] 22#22: exit
2022/12/01 07:18:55 [notice] 23#23: exit
2022/12/01 07:18:55 [notice] 1#1: signal 17 (SIGCHLD) received from 20
2022/12/01 07:18:55 [notice] 1#1: worker process 20 exited with code 0
2022/12/01 07:18:55 [notice] 1#1: worker process 23 exited with code 0
2022/12/01 07:18:55 [notice] 1#1: worker process 21 exited with code 0
2022/12/01 07:18:55 [notice] 1#1: worker process 22 exited with code 0
2022/12/01 07:18:55 [notice] 1#1: exit
2022/12/02 00:46:21 [notice] 1#1: using the "epoll" event method
2022/12/02 00:46:21 [notice] 1#1: nginx/1.23.2
2022/12/02 00:46:21 [notice] 1#1: built by gcc 10.2.1 20210110 (Debian 10.2.1-6) 
2022/12/02 00:46:21 [notice] 1#1: OS: Linux 5.10.16.3-microsoft-standard-WSL2
2022/12/02 00:46:21 [notice] 1#1: getrlimit(RLIMIT_NOFILE): 1048576:1048576
2022/12/02 00:46:21 [notice] 1#1: start worker processes
2022/12/02 00:46:21 [notice] 1#1: start worker process 20
2022/12/02 00:46:21 [notice] 1#1: start worker process 21
2022/12/02 00:46:21 [notice] 1#1: start worker process 22
2022/12/02 00:46:21 [notice] 1#1: start worker process 23
2022/12/02 00:49:33 [notice] 1#1: signal 3 (SIGQUIT) received, shutting down
2022/12/02 00:49:33 [notice] 21#21: gracefully shutting down
2022/12/02 00:49:33 [notice] 20#20: gracefully shutting down
2022/12/02 00:49:33 [notice] 20#20: exiting
2022/12/02 00:49:33 [notice] 23#23: gracefully shutting down
2022/12/02 00:49:33 [notice] 22#22: gracefully shutting down
2022/12/02 00:49:33 [notice] 21#21: exiting
2022/12/02 00:49:33 [notice] 20#20: exit
2022/12/02 00:49:33 [notice] 23#23: exiting
2022/12/02 00:49:33 [notice] 22#22: exiting
2022/12/02 00:49:33 [notice] 21#21: exit
2022/12/02 00:49:33 [notice] 23#23: exit
2022/12/02 00:49:33 [notice] 22#22: exit
2022/12/02 00:49:33 [notice] 1#1: signal 17 (SIGCHLD) received from 20
2022/12/02 00:49:33 [notice] 1#1: worker process 20 exited with code 0
2022/12/02 00:49:33 [notice] 1#1: worker process 22 exited with code 0
2022/12/02 00:49:33 [notice] 1#1: signal 29 (SIGIO) received
2022/12/02 00:49:33 [notice] 1#1: signal 17 (SIGCHLD) received from 22
2022/12/02 00:49:33 [notice] 1#1: signal 17 (SIGCHLD) received from 21
2022/12/02 00:49:33 [notice] 1#1: worker process 21 exited with code 0
2022/12/02 00:49:33 [notice] 1#1: signal 29 (SIGIO) received
2022/12/02 00:49:33 [notice] 1#1: signal 17 (SIGCHLD) received from 23
2022/12/02 00:49:33 [notice] 1#1: worker process 23 exited with code 0
2022/12/02 00:49:33 [notice] 1#1: exit
2022/12/02 00:49:53 [notice] 1#1: using the "epoll" event method
2022/12/02 00:49:53 [notice] 1#1: nginx/1.23.2
2022/12/02 00:49:53 [notice] 1#1: built by gcc 10.2.1 20210110 (Debian 10.2.1-6) 
2022/12/02 00:49:53 [notice] 1#1: OS: Linux 5.10.16.3-microsoft-standard-WSL2
2022/12/02 00:49:53 [notice] 1#1: getrlimit(RLIMIT_NOFILE): 1048576:1048576
2022/12/02 00:49:53 [notice] 1#1: start worker processes
2022/12/02 00:49:53 [notice] 1#1: start worker process 20
2022/12/02 00:49:53 [notice] 1#1: start worker process 21
2022/12/02 00:49:53 [notice] 1#1: start worker process 22
2022/12/02 00:49:53 [notice] 1#1: start worker process 23
2022/12/02 00:57:35 [notice] 1#1: signal 3 (SIGQUIT) received, shutting down
2022/12/02 00:57:35 [notice] 20#20: gracefully shutting down
2022/12/02 00:57:35 [notice] 21#21: gracefully shutting down
2022/12/02 00:57:35 [notice] 23#23: gracefully shutting down
2022/12/02 00:57:35 [notice] 22#22: gracefully shutting down
2022/12/02 00:57:35 [notice] 20#20: exiting
2022/12/02 00:57:35 [notice] 21#21: exiting
2022/12/02 00:57:35 [notice] 23#23: exiting
2022/12/02 00:57:35 [notice] 22#22: exiting
2022/12/02 00:57:35 [notice] 20#20: exit
2022/12/02 00:57:35 [notice] 21#21: exit
2022/12/02 00:57:35 [notice] 23#23: exit
2022/12/02 00:57:35 [notice] 22#22: exit
2022/12/02 00:57:35 [notice] 1#1: signal 17 (SIGCHLD) received from 23
2022/12/02 00:57:35 [notice] 1#1: worker process 20 exited with code 0
2022/12/02 00:57:35 [notice] 1#1: worker process 21 exited with code 0
2022/12/02 00:57:35 [notice] 1#1: worker process 22 exited with code 0
2022/12/02 00:57:35 [notice] 1#1: worker process 23 exited with code 0
2022/12/02 00:57:35 [notice] 1#1: exit
2022/12/02 00:57:48 [notice] 1#1: using the "epoll" event method
2022/12/02 00:57:48 [notice] 1#1: nginx/1.23.2
2022/12/02 00:57:48 [notice] 1#1: built by gcc 10.2.1 20210110 (Debian 10.2.1-6) 
2022/12/02 00:57:48 [notice] 1#1: OS: Linux 5.10.16.3-microsoft-standard-WSL2
2022/12/02 00:57:48 [notice] 1#1: getrlimit(RLIMIT_NOFILE): 1048576:1048576
2022/12/02 00:57:48 [notice] 1#1: start worker processes
2022/12/02 00:57:48 [notice] 1#1: start worker process 20
2022/12/02 00:57:48 [notice] 1#1: start worker process 21
2022/12/02 00:57:48 [notice] 1#1: start worker process 22
2022/12/02 00:57:48 [notice] 1#1: start worker process 23
2022/12/02 00:58:12 [notice] 1#1: signal 3 (SIGQUIT) received, shutting down
2022/12/02 00:58:12 [notice] 20#20: gracefully shutting down
2022/12/02 00:58:12 [notice] 21#21: gracefully shutting down
2022/12/02 00:58:12 [notice] 22#22: gracefully shutting down
2022/12/02 00:58:12 [notice] 22#22: exiting
2022/12/02 00:58:12 [notice] 22#22: exit
2022/12/02 00:58:12 [notice] 23#23: gracefully shutting down
2022/12/02 00:58:12 [notice] 20#20: exiting
2022/12/02 00:58:12 [notice] 21#21: exiting
2022/12/02 00:58:12 [notice] 23#23: exiting
2022/12/02 00:58:12 [notice] 20#20: exit
2022/12/02 00:58:12 [notice] 21#21: exit
2022/12/02 00:58:12 [notice] 23#23: exit
2022/12/02 00:58:12 [notice] 1#1: signal 17 (SIGCHLD) received from 22
2022/12/02 00:58:12 [notice] 1#1: worker process 22 exited with code 0
2022/12/02 00:58:12 [notice] 1#1: signal 29 (SIGIO) received
2022/12/02 00:58:12 [notice] 1#1: signal 17 (SIGCHLD) received from 23
2022/12/02 00:58:12 [notice] 1#1: worker process 23 exited with code 0
2022/12/02 00:58:12 [notice] 1#1: signal 29 (SIGIO) received
2022/12/02 00:58:12 [notice] 1#1: signal 17 (SIGCHLD) received from 20
2022/12/02 00:58:12 [notice] 1#1: worker process 20 exited with code 0
2022/12/02 00:58:12 [notice] 1#1: worker process 21 exited with code 0
2022/12/02 00:58:12 [notice] 1#1: exit
2022/12/02 00:58:27 [notice] 1#1: using the "epoll" event method
2022/12/02 00:58:27 [notice] 1#1: nginx/1.23.2
2022/12/02 00:58:27 [notice] 1#1: built by gcc 10.2.1 20210110 (Debian 10.2.1-6) 
2022/12/02 00:58:27 [notice] 1#1: OS: Linux 5.10.16.3-microsoft-standard-WSL2
2022/12/02 00:58:27 [notice] 1#1: getrlimit(RLIMIT_NOFILE): 1048576:1048576
2022/12/02 00:58:27 [notice] 1#1: start worker processes
2022/12/02 00:58:27 [notice] 1#1: start worker process 20
2022/12/02 00:58:27 [notice] 1#1: start worker process 21
2022/12/02 00:58:27 [notice] 1#1: start worker process 22
2022/12/02 00:58:27 [notice] 1#1: start worker process 23
2022/12/02 00:59:26 [notice] 1#1: signal 3 (SIGQUIT) received, shutting down
2022/12/02 00:59:26 [notice] 21#21: gracefully shutting down
2022/12/02 00:59:26 [notice] 22#22: gracefully shutting down
2022/12/02 00:59:26 [notice] 20#20: gracefully shutting down
2022/12/02 00:59:26 [notice] 23#23: gracefully shutting down
2022/12/02 00:59:26 [notice] 21#21: exiting
2022/12/02 00:59:26 [notice] 22#22: exiting
2022/12/02 00:59:26 [notice] 20#20: exiting
2022/12/02 00:59:26 [notice] 23#23: exiting
2022/12/02 00:59:26 [notice] 21#21: exit
2022/12/02 00:59:26 [notice] 22#22: exit
2022/12/02 00:59:26 [notice] 20#20: exit
2022/12/02 00:59:26 [notice] 23#23: exit
2022/12/02 00:59:26 [notice] 1#1: signal 17 (SIGCHLD) received from 21
2022/12/02 00:59:26 [notice] 1#1: worker process 21 exited with code 0
2022/12/02 00:59:26 [notice] 1#1: worker process 22 exited with code 0
2022/12/02 00:59:26 [notice] 1#1: worker process 23 exited with code 0
2022/12/02 00:59:26 [notice] 1#1: signal 29 (SIGIO) received
2022/12/02 00:59:26 [notice] 1#1: signal 17 (SIGCHLD) received from 23
2022/12/02 00:59:26 [notice] 1#1: signal 17 (SIGCHLD) received from 20
2022/12/02 00:59:26 [notice] 1#1: worker process 20 exited with code 0
2022/12/02 00:59:26 [notice] 1#1: exit
2022/12/02 01:00:00 [notice] 1#1: using the "epoll" event method
2022/12/02 01:00:00 [notice] 1#1: nginx/1.23.2
2022/12/02 01:00:00 [notice] 1#1: built by gcc 10.2.1 20210110 (Debian 10.2.1-6) 
2022/12/02 01:00:00 [notice] 1#1: OS: Linux 5.10.16.3-microsoft-standard-WSL2
2022/12/02 01:00:00 [notice] 1#1: getrlimit(RLIMIT_NOFILE): 1048576:1048576
2022/12/02 01:00:00 [notice] 1#1: start worker processes
2022/12/02 01:00:00 [notice] 1#1: start worker process 20
2022/12/02 01:00:00 [notice] 1#1: start worker process 21
2022/12/02 01:00:00 [notice] 1#1: start worker process 22
2022/12/02 01:00:00 [notice] 1#1: start worker process 23
2022/12/02 01:00:33 [notice] 1#1: signal 3 (SIGQUIT) received, shutting down
2022/12/02 01:00:33 [notice] 20#20: gracefully shutting down
2022/12/02 01:00:33 [notice] 22#22: gracefully shutting down
2022/12/02 01:00:33 [notice] 21#21: gracefully shutting down
2022/12/02 01:00:33 [notice] 23#23: gracefully shutting down
2022/12/02 01:00:33 [notice] 23#23: exiting
2022/12/02 01:00:33 [notice] 20#20: exiting
2022/12/02 01:00:33 [notice] 22#22: exiting
2022/12/02 01:00:33 [notice] 21#21: exiting
2022/12/02 01:00:33 [notice] 23#23: exit
2022/12/02 01:00:33 [notice] 20#20: exit
2022/12/02 01:00:33 [notice] 22#22: exit
2022/12/02 01:00:33 [notice] 21#21: exit
2022/12/02 01:00:33 [notice] 1#1: signal 17 (SIGCHLD) received from 23
2022/12/02 01:00:33 [notice] 1#1: worker process 23 exited with code 0
2022/12/02 01:00:33 [notice] 1#1: signal 29 (SIGIO) received
2022/12/02 01:00:33 [notice] 1#1: signal 17 (SIGCHLD) received from 21
2022/12/02 01:00:33 [notice] 1#1: worker process 20 exited with code 0
2022/12/02 01:00:33 [notice] 1#1: worker process 21 exited with code 0
2022/12/02 01:00:33 [notice] 1#1: worker process 22 exited with code 0
2022/12/02 01:00:33 [notice] 1#1: exit
2022/12/02 01:01:43 [notice] 1#1: using the "epoll" event method
2022/12/02 01:01:43 [notice] 1#1: nginx/1.23.2
2022/12/02 01:01:43 [notice] 1#1: built by gcc 10.2.1 20210110 (Debian 10.2.1-6) 
2022/12/02 01:01:43 [notice] 1#1: OS: Linux 5.10.16.3-microsoft-standard-WSL2
2022/12/02 01:01:43 [notice] 1#1: getrlimit(RLIMIT_NOFILE): 1048576:1048576
2022/12/02 01:01:43 [notice] 1#1: start worker processes
2022/12/02 01:01:43 [notice] 1#1: start worker process 20
2022/12/02 01:01:43 [notice] 1#1: start worker process 21
2022/12/02 01:01:43 [notice] 1#1: start worker process 22
2022/12/02 01:01:43 [notice] 1#1: start worker process 23
2022/12/02 01:03:23 [notice] 1#1: signal 3 (SIGQUIT) received, shutting down
2022/12/02 01:03:23 [notice] 20#20: gracefully shutting down
2022/12/02 01:03:23 [notice] 21#21: gracefully shutting down
2022/12/02 01:03:23 [notice] 23#23: gracefully shutting down
2022/12/02 01:03:23 [notice] 23#23: exiting
2022/12/02 01:03:23 [notice] 22#22: gracefully shutting down
2022/12/02 01:03:23 [notice] 20#20: exiting
2022/12/02 01:03:23 [notice] 21#21: exiting
2022/12/02 01:03:23 [notice] 23#23: exit
2022/12/02 01:03:23 [notice] 22#22: exiting
2022/12/02 01:03:23 [notice] 20#20: exit
2022/12/02 01:03:23 [notice] 21#21: exit
2022/12/02 01:03:23 [notice] 22#22: exit
2022/12/02 01:03:23 [notice] 1#1: signal 17 (SIGCHLD) received from 22
2022/12/02 01:03:23 [notice] 1#1: worker process 22 exited with code 0
2022/12/02 01:03:23 [notice] 1#1: signal 29 (SIGIO) received
2022/12/02 01:03:23 [notice] 1#1: signal 17 (SIGCHLD) received from 20
2022/12/02 01:03:23 [notice] 1#1: worker process 20 exited with code 0
2022/12/02 01:03:23 [notice] 1#1: signal 29 (SIGIO) received
2022/12/02 01:03:23 [notice] 1#1: signal 17 (SIGCHLD) received from 21
2022/12/02 01:03:23 [notice] 1#1: worker process 21 exited with code 0
2022/12/02 01:03:23 [notice] 1#1: worker process 23 exited with code 0
2022/12/02 01:03:23 [notice] 1#1: exit
2022/12/02 01:03:32 [notice] 1#1: using the "epoll" event method
2022/12/02 01:03:32 [notice] 1#1: nginx/1.23.2
2022/12/02 01:03:32 [notice] 1#1: built by gcc 10.2.1 20210110 (Debian 10.2.1-6) 
2022/12/02 01:03:32 [notice] 1#1: OS: Linux 5.10.16.3-microsoft-standard-WSL2
2022/12/02 01:03:32 [notice] 1#1: getrlimit(RLIMIT_NOFILE): 1048576:1048576
2022/12/02 01:03:32 [notice] 1#1: start worker processes
2022/12/02 01:03:32 [notice] 1#1: start worker process 20
2022/12/02 01:03:32 [notice] 1#1: start worker process 21
2022/12/02 01:03:32 [notice] 1#1: start worker process 22
2022/12/02 01:03:32 [notice] 1#1: start worker process 23
2022/12/02 01:15:49 [notice] 1#1: signal 3 (SIGQUIT) received, shutting down
2022/12/02 01:15:49 [notice] 20#20: gracefully shutting down
2022/12/02 01:15:49 [notice] 22#22: gracefully shutting down
2022/12/02 01:15:49 [notice] 21#21: gracefully shutting down
2022/12/02 01:15:49 [notice] 23#23: gracefully shutting down
2022/12/02 01:15:49 [notice] 20#20: exiting
2022/12/02 01:15:49 [notice] 22#22: exiting
2022/12/02 01:15:49 [notice] 21#21: exiting
2022/12/02 01:15:49 [notice] 23#23: exiting
2022/12/02 01:15:49 [notice] 20#20: exit
2022/12/02 01:15:49 [notice] 22#22: exit
2022/12/02 01:15:49 [notice] 21#21: exit
2022/12/02 01:15:49 [notice] 23#23: exit
2022/12/02 01:15:49 [notice] 1#1: signal 17 (SIGCHLD) received from 20
2022/12/02 01:15:49 [notice] 1#1: worker process 20 exited with code 0
2022/12/02 01:15:49 [notice] 1#1: worker process 22 exited with code 0
2022/12/02 01:15:49 [notice] 1#1: worker process 23 exited with code 0
2022/12/02 01:15:49 [notice] 1#1: signal 29 (SIGIO) received
2022/12/02 01:15:49 [notice] 1#1: signal 17 (SIGCHLD) received from 23
2022/12/02 01:15:49 [notice] 1#1: signal 17 (SIGCHLD) received from 21
2022/12/02 01:15:49 [notice] 1#1: worker process 21 exited with code 0
2022/12/02 01:15:49 [notice] 1#1: exit
2022/12/02 01:15:59 [notice] 1#1: using the "epoll" event method
2022/12/02 01:15:59 [notice] 1#1: nginx/1.23.2
2022/12/02 01:15:59 [notice] 1#1: built by gcc 10.2.1 20210110 (Debian 10.2.1-6) 
2022/12/02 01:15:59 [notice] 1#1: OS: Linux 5.10.16.3-microsoft-standard-WSL2
2022/12/02 01:15:59 [notice] 1#1: getrlimit(RLIMIT_NOFILE): 1048576:1048576
2022/12/02 01:15:59 [notice] 1#1: start worker processes
2022/12/02 01:15:59 [notice] 1#1: start worker process 28
2022/12/02 01:15:59 [notice] 1#1: start worker process 29
2022/12/02 01:15:59 [notice] 1#1: start worker process 30
2022/12/02 01:15:59 [notice] 1#1: start worker process 31
2022/12/02 01:17:07 [notice] 1#1: signal 3 (SIGQUIT) received, shutting down
2022/12/02 01:17:07 [notice] 28#28: gracefully shutting down
2022/12/02 01:17:07 [notice] 31#31: gracefully shutting down
2022/12/02 01:17:07 [notice] 30#30: gracefully shutting down
2022/12/02 01:17:07 [notice] 31#31: exiting
2022/12/02 01:17:07 [notice] 30#30: exiting
2022/12/02 01:17:07 [notice] 31#31: exit
2022/12/02 01:17:07 [notice] 30#30: exit
2022/12/02 01:17:07 [notice] 29#29: gracefully shutting down
2022/12/02 01:17:07 [notice] 29#29: exiting
2022/12/02 01:17:07 [notice] 29#29: exit
2022/12/02 01:17:07 [notice] 1#1: signal 17 (SIGCHLD) received from 31
2022/12/02 01:17:07 [notice] 1#1: worker process 31 exited with code 0
2022/12/02 01:17:07 [notice] 1#1: worker process 30 exited with code 0
2022/12/02 01:17:07 [notice] 1#1: signal 29 (SIGIO) received
2022/12/02 01:17:07 [notice] 1#1: signal 17 (SIGCHLD) received from 30
2022/12/02 01:17:07 [notice] 1#1: signal 17 (SIGCHLD) received from 29
2022/12/02 01:17:07 [notice] 1#1: worker process 29 exited with code 0
2022/12/02 01:17:07 [notice] 1#1: signal 29 (SIGIO) received
2022/12/02 01:17:07 [notice] 28#28: exiting
2022/12/02 01:17:07 [notice] 28#28: exit
2022/12/02 01:17:07 [notice] 1#1: signal 17 (SIGCHLD) received from 28
2022/12/02 01:17:07 [notice] 1#1: worker process 28 exited with code 0
2022/12/02 01:17:07 [notice] 1#1: exit
2022/12/02 01:17:15 [emerg] 1#1: host not found in upstream "php" in /etc/nginx/conf.d/default.conf:16
2022/12/02 01:18:41 [notice] 1#1: using the "epoll" event method
2022/12/02 01:18:41 [notice] 1#1: nginx/1.23.2
2022/12/02 01:18:41 [notice] 1#1: built by gcc 10.2.1 20210110 (Debian 10.2.1-6) 
2022/12/02 01:18:41 [notice] 1#1: OS: Linux 5.10.16.3-microsoft-standard-WSL2
2022/12/02 01:18:41 [notice] 1#1: getrlimit(RLIMIT_NOFILE): 1048576:1048576
2022/12/02 01:18:41 [notice] 1#1: start worker processes
2022/12/02 01:18:41 [notice] 1#1: start worker process 28
2022/12/02 01:18:41 [notice] 1#1: start worker process 29
2022/12/02 01:18:41 [notice] 1#1: start worker process 30
2022/12/02 01:18:41 [notice] 1#1: start worker process 31
2022/12/02 01:19:35 [notice] 1#1: signal 3 (SIGQUIT) received, shutting down
2022/12/02 01:19:35 [notice] 28#28: gracefully shutting down
2022/12/02 01:19:35 [notice] 29#29: gracefully shutting down
2022/12/02 01:19:35 [notice] 29#29: exiting
2022/12/02 01:19:35 [notice] 30#30: gracefully shutting down
2022/12/02 01:19:35 [notice] 30#30: exiting
2022/12/02 01:19:35 [notice] 31#31: gracefully shutting down
2022/12/02 01:19:35 [notice] 29#29: exit
2022/12/02 01:19:35 [notice] 30#30: exit
2022/12/02 01:19:35 [notice] 31#31: exiting
2022/12/02 01:19:35 [notice] 31#31: exit
2022/12/02 01:19:35 [notice] 1#1: signal 17 (SIGCHLD) received from 30
2022/12/02 01:19:35 [notice] 1#1: worker process 30 exited with code 0
2022/12/02 01:19:35 [notice] 1#1: worker process 31 exited with code 0
2022/12/02 01:19:35 [notice] 1#1: signal 29 (SIGIO) received
2022/12/02 01:19:35 [notice] 1#1: signal 17 (SIGCHLD) received from 29
2022/12/02 01:19:35 [notice] 1#1: worker process 29 exited with code 0
2022/12/02 01:19:35 [notice] 1#1: signal 29 (SIGIO) received
2022/12/02 01:20:07 [notice] 1#1: using the "epoll" event method
2022/12/02 01:20:07 [notice] 1#1: nginx/1.23.2
2022/12/02 01:20:07 [notice] 1#1: built by gcc 10.2.1 20210110 (Debian 10.2.1-6) 
2022/12/02 01:20:07 [notice] 1#1: OS: Linux 5.10.16.3-microsoft-standard-WSL2
2022/12/02 01:20:07 [notice] 1#1: getrlimit(RLIMIT_NOFILE): 1048576:1048576
2022/12/02 01:20:07 [notice] 1#1: start worker processes
2022/12/02 01:20:07 [notice] 1#1: start worker process 28
2022/12/02 01:20:07 [notice] 1#1: start worker process 29
2022/12/02 01:20:07 [notice] 1#1: start worker process 30
2022/12/02 01:20:07 [notice] 1#1: start worker process 31
2022/12/02 01:23:40 [notice] 1#1: signal 3 (SIGQUIT) received, shutting down
2022/12/02 01:23:40 [notice] 28#28: gracefully shutting down
2022/12/02 01:23:40 [notice] 29#29: gracefully shutting down
2022/12/02 01:23:40 [notice] 30#30: gracefully shutting down
2022/12/02 01:23:40 [notice] 31#31: gracefully shutting down
2022/12/02 01:23:40 [notice] 28#28: exiting
2022/12/02 01:23:40 [notice] 29#29: exiting
2022/12/02 01:23:40 [notice] 30#30: exiting
2022/12/02 01:23:40 [notice] 31#31: exiting
2022/12/02 01:23:40 [notice] 28#28: exit
2022/12/02 01:23:40 [notice] 29#29: exit
2022/12/02 01:23:40 [notice] 30#30: exit
2022/12/02 01:23:40 [notice] 31#31: exit
2022/12/02 01:23:40 [notice] 1#1: signal 17 (SIGCHLD) received from 31
2022/12/02 01:23:40 [notice] 1#1: worker process 28 exited with code 0
2022/12/02 01:23:40 [notice] 1#1: worker process 31 exited with code 0
2022/12/02 01:23:40 [notice] 1#1: signal 29 (SIGIO) received
2022/12/02 01:23:40 [notice] 1#1: signal 17 (SIGCHLD) received from 29
2022/12/02 01:23:40 [notice] 1#1: worker process 29 exited with code 0
2022/12/02 01:23:40 [notice] 1#1: worker process 30 exited with code 0
2022/12/02 01:23:40 [notice] 1#1: exit
2022/12/02 01:41:05 [notice] 1#1: using the "epoll" event method
2022/12/02 01:41:05 [notice] 1#1: nginx/1.23.2
2022/12/02 01:41:05 [notice] 1#1: built by gcc 10.2.1 20210110 (Debian 10.2.1-6) 
2022/12/02 01:41:05 [notice] 1#1: OS: Linux 5.10.16.3-microsoft-standard-WSL2
2022/12/02 01:41:05 [notice] 1#1: getrlimit(RLIMIT_NOFILE): 1048576:1048576
2022/12/02 01:41:05 [notice] 1#1: start worker processes
2022/12/02 01:41:05 [notice] 1#1: start worker process 28
2022/12/02 01:41:05 [notice] 1#1: start worker process 29
2022/12/02 01:41:05 [notice] 1#1: start worker process 30
2022/12/02 01:41:05 [notice] 1#1: start worker process 31
2022/12/02 01:47:53 [notice] 1#1: signal 3 (SIGQUIT) received, shutting down
2022/12/02 01:47:53 [notice] 28#28: gracefully shutting down
2022/12/02 01:47:53 [notice] 29#29: gracefully shutting down
2022/12/02 01:47:53 [notice] 30#30: gracefully shutting down
2022/12/02 01:47:53 [notice] 30#30: exiting
2022/12/02 01:47:53 [notice] 31#31: gracefully shutting down
2022/12/02 01:47:53 [notice] 28#28: exiting
2022/12/02 01:47:53 [notice] 29#29: exiting
2022/12/02 01:47:53 [notice] 30#30: exit
2022/12/02 01:47:53 [notice] 31#31: exiting
2022/12/02 01:47:53 [notice] 28#28: exit
2022/12/02 01:47:53 [notice] 29#29: exit
2022/12/02 01:47:53 [notice] 31#31: exit
2022/12/02 01:47:53 [notice] 1#1: signal 17 (SIGCHLD) received from 29
2022/12/02 01:47:53 [notice] 1#1: worker process 28 exited with code 0
2022/12/02 01:47:53 [notice] 1#1: worker process 29 exited with code 0
2022/12/02 01:47:53 [notice] 1#1: worker process 30 exited with code 0
2022/12/02 01:47:53 [notice] 1#1: signal 29 (SIGIO) received
2022/12/02 01:47:53 [notice] 1#1: signal 17 (SIGCHLD) received from 31
2022/12/02 01:47:53 [notice] 1#1: worker process 31 exited with code 0
2022/12/02 01:47:53 [notice] 1#1: exit
2022/12/02 01:49:00 [notice] 1#1: using the "epoll" event method
2022/12/02 01:49:00 [notice] 1#1: nginx/1.23.2
2022/12/02 01:49:00 [notice] 1#1: built by gcc 10.2.1 20210110 (Debian 10.2.1-6) 
2022/12/02 01:49:00 [notice] 1#1: OS: Linux 5.10.16.3-microsoft-standard-WSL2
2022/12/02 01:49:00 [notice] 1#1: getrlimit(RLIMIT_NOFILE): 1048576:1048576
2022/12/02 01:49:00 [notice] 1#1: start worker processes
2022/12/02 01:49:00 [notice] 1#1: start worker process 28
2022/12/02 01:49:00 [notice] 1#1: start worker process 29
2022/12/02 01:49:00 [notice] 1#1: start worker process 30
2022/12/02 01:49:00 [notice] 1#1: start worker process 31
2022/12/02 02:10:37 [error] 29#29: *2 directory index of "/var/www/" is forbidden, client: 172.23.0.1, server: , request: "GET / HTTP/1.1", host: "localhost:8080"
2022/12/02 02:10:45 [notice] 1#1: signal 3 (SIGQUIT) received, shutting down
2022/12/02 02:10:45 [notice] 28#28: gracefully shutting down
2022/12/02 02:10:45 [notice] 29#29: gracefully shutting down
2022/12/02 02:10:45 [notice] 31#31: gracefully shutting down
2022/12/02 02:10:45 [notice] 30#30: gracefully shutting down
2022/12/02 02:10:45 [notice] 28#28: exiting
2022/12/02 02:10:45 [notice] 29#29: exiting
2022/12/02 02:10:45 [notice] 31#31: exiting
2022/12/02 02:10:45 [notice] 30#30: exiting
2022/12/02 02:10:45 [notice] 28#28: exit
2022/12/02 02:10:45 [notice] 29#29: exit
2022/12/02 02:10:45 [notice] 31#31: exit
2022/12/02 02:10:45 [notice] 30#30: exit
2022/12/02 02:10:45 [notice] 1#1: signal 17 (SIGCHLD) received from 30
2022/12/02 02:10:45 [notice] 1#1: worker process 29 exited with code 0
2022/12/02 02:10:45 [notice] 1#1: worker process 30 exited with code 0
2022/12/02 02:10:45 [notice] 1#1: signal 29 (SIGIO) received
2022/12/02 02:10:45 [notice] 1#1: signal 17 (SIGCHLD) received from 28
2022/12/02 02:10:45 [notice] 1#1: worker process 28 exited with code 0
2022/12/02 02:10:45 [notice] 1#1: worker process 31 exited with code 0
2022/12/02 02:10:45 [notice] 1#1: exit
2022/12/02 02:12:17 [notice] 1#1: using the "epoll" event method
2022/12/02 02:12:17 [notice] 1#1: nginx/1.23.2
2022/12/02 02:12:17 [notice] 1#1: built by gcc 10.2.1 20210110 (Debian 10.2.1-6) 
2022/12/02 02:12:17 [notice] 1#1: OS: Linux 5.10.16.3-microsoft-standard-WSL2
2022/12/02 02:12:17 [notice] 1#1: getrlimit(RLIMIT_NOFILE): 1048576:1048576
2022/12/02 02:12:17 [notice] 1#1: start worker processes
2022/12/02 02:12:17 [notice] 1#1: start worker process 28
2022/12/02 02:12:17 [notice] 1#1: start worker process 29
2022/12/02 02:12:17 [notice] 1#1: start worker process 30
2022/12/02 02:12:17 [notice] 1#1: start worker process 31
2022/12/02 02:33:21 [notice] 1#1: signal 3 (SIGQUIT) received, shutting down
2022/12/02 02:33:21 [notice] 28#28: gracefully shutting down
2022/12/02 02:33:21 [notice] 29#29: gracefully shutting down
2022/12/02 02:33:21 [notice] 30#30: gracefully shutting down
2022/12/02 02:33:21 [notice] 31#31: gracefully shutting down
2022/12/02 02:33:21 [notice] 28#28: exiting
2022/12/02 02:33:21 [notice] 29#29: exiting
2022/12/02 02:33:21 [notice] 30#30: exiting
2022/12/02 02:33:21 [notice] 31#31: exiting
2022/12/02 02:33:21 [notice] 28#28: exit
2022/12/02 02:33:21 [notice] 29#29: exit
2022/12/02 02:33:21 [notice] 30#30: exit
2022/12/02 02:33:21 [notice] 31#31: exit
2022/12/02 02:33:21 [notice] 1#1: signal 17 (SIGCHLD) received from 28
2022/12/02 02:33:21 [notice] 1#1: worker process 28 exited with code 0
2022/12/02 02:33:21 [notice] 1#1: signal 29 (SIGIO) received
2022/12/02 02:33:21 [notice] 1#1: signal 17 (SIGCHLD) received from 30
2022/12/02 02:33:21 [notice] 1#1: worker process 30 exited with code 0
2022/12/02 02:33:21 [notice] 1#1: signal 29 (SIGIO) received
2022/12/02 02:33:21 [notice] 1#1: signal 17 (SIGCHLD) received from 31
2022/12/02 02:33:21 [notice] 1#1: worker process 29 exited with code 0
2022/12/02 02:33:21 [notice] 1#1: worker process 31 exited with code 0
2022/12/02 02:33:21 [notice] 1#1: exit
2022/12/02 02:34:24 [notice] 1#1: using the "epoll" event method
2022/12/02 02:34:24 [notice] 1#1: nginx/1.23.2
2022/12/02 02:34:24 [notice] 1#1: built by gcc 10.2.1 20210110 (Debian 10.2.1-6) 
2022/12/02 02:34:24 [notice] 1#1: OS: Linux 5.10.16.3-microsoft-standard-WSL2
2022/12/02 02:34:24 [notice] 1#1: getrlimit(RLIMIT_NOFILE): 1048576:1048576
2022/12/02 02:34:24 [notice] 1#1: start worker processes
2022/12/02 02:34:24 [notice] 1#1: start worker process 28
2022/12/02 02:34:24 [notice] 1#1: start worker process 29
2022/12/02 02:34:24 [notice] 1#1: start worker process 30
2022/12/02 02:34:24 [notice] 1#1: start worker process 31
2022/12/02 02:40:06 [notice] 1#1: signal 3 (SIGQUIT) received, shutting down
2022/12/02 02:40:06 [notice] 28#28: gracefully shutting down
2022/12/02 02:40:06 [notice] 28#28: exiting
2022/12/02 02:40:06 [notice] 29#29: gracefully shutting down
2022/12/02 02:40:06 [notice] 30#30: gracefully shutting down
2022/12/02 02:40:06 [notice] 31#31: gracefully shutting down
2022/12/02 02:40:06 [notice] 28#28: exit
2022/12/02 02:40:06 [notice] 29#29: exiting
2022/12/02 02:40:06 [notice] 30#30: exiting
2022/12/02 02:40:06 [notice] 31#31: exiting
2022/12/02 02:40:06 [notice] 29#29: exit
2022/12/02 02:40:06 [notice] 30#30: exit
2022/12/02 02:40:06 [notice] 31#31: exit
2022/12/02 02:40:06 [notice] 1#1: signal 17 (SIGCHLD) received from 28
2022/12/02 02:40:06 [notice] 1#1: worker process 28 exited with code 0
2022/12/02 02:40:06 [notice] 1#1: worker process 29 exited with code 0
2022/12/02 02:40:06 [notice] 1#1: signal 29 (SIGIO) received
2022/12/02 02:40:06 [notice] 1#1: signal 17 (SIGCHLD) received from 29
2022/12/02 02:40:06 [notice] 1#1: signal 17 (SIGCHLD) received from 30
2022/12/02 02:40:06 [notice] 1#1: worker process 30 exited with code 0
2022/12/02 02:40:06 [notice] 1#1: signal 29 (SIGIO) received
2022/12/02 02:40:06 [notice] 1#1: signal 17 (SIGCHLD) received from 31
2022/12/02 02:40:06 [notice] 1#1: worker process 31 exited with code 0
2022/12/02 02:40:06 [notice] 1#1: exit
